0 info it worked if it ends with ok
1 verbose cli [ '/usr/bin/node',
1 verbose cli   '/usr/bin/npm',
1 verbose cli   'i',
1 verbose cli   'webpack',
1 verbose cli   'webpack-cli',
1 verbose cli   '--save-dev' ]
2 info using npm@3.5.2
3 info using node@v8.10.0
4 silly loadCurrentTree Starting
5 silly install loadCurrentTree
6 silly install readLocalPackageData
7 silly fetchPackageMetaData webpack
8 silly fetchPackageMetaData webpack-cli
9 silly fetchNamedPackageData webpack
10 silly mapToRegistry name webpack
11 silly mapToRegistry using default registry
12 silly mapToRegistry registry https://registry.npmjs.org/
13 silly mapToRegistry uri https://registry.npmjs.org/webpack
14 silly fetchNamedPackageData webpack-cli
15 silly mapToRegistry name webpack-cli
16 silly mapToRegistry using default registry
17 silly mapToRegistry registry https://registry.npmjs.org/
18 silly mapToRegistry uri https://registry.npmjs.org/webpack-cli
19 verbose request uri https://registry.npmjs.org/webpack-cli
20 verbose request no auth needed
21 info attempt registry request try #1 at 4:14:18 PM
22 verbose request id 2c12b3fbfcc92d42
23 verbose etag W/"717afb909f0123d561a51b710b0b5fa8"
24 verbose lastModified Tue, 02 Feb 2021 17:03:59 GMT
25 http request GET https://registry.npmjs.org/webpack-cli
26 verbose request uri https://registry.npmjs.org/webpack
27 verbose request no auth needed
28 info attempt registry request try #1 at 4:14:18 PM
29 verbose etag W/"8b73489415ea2e78c84f4eb8880040c0"
30 verbose lastModified Wed, 03 Feb 2021 12:35:38 GMT
31 http request GET https://registry.npmjs.org/webpack
32 http 304 https://registry.npmjs.org/webpack
33 verbose headers { date: 'Wed, 03 Feb 2021 21:14:18 GMT',
33 verbose headers   connection: 'keep-alive',
33 verbose headers   'set-cookie':
33 verbose headers    [ '__cfduid=d195f8ccce6581dbaf4c7256a8302af7b1612386858; expires=Fri, 05-Mar-21 21:14:18 GMT; path=/; domain=.npmjs.org; HttpOnly; SameSite=Lax' ],
33 verbose headers   'cf-ray': '61bf292a9855128b-MIA',
33 verbose headers   age: '774',
33 verbose headers   'cache-control': 'public, max-age=300',
33 verbose headers   etag: '"8b73489415ea2e78c84f4eb8880040c0"',
33 verbose headers   'last-modified': 'Wed, 03 Feb 2021 12:35:38 GMT',
33 verbose headers   vary: 'Accept-Encoding',
33 verbose headers   'cf-cache-status': 'HIT',
33 verbose headers   'cf-request-id': '080b580e9e0000128bc8a82000000001',
33 verbose headers   'expect-ct': 'max-age=604800, report-uri="https://report-uri.cloudflare.com/cdn-cgi/beacon/expect-ct"',
33 verbose headers   server: 'cloudflare' }
34 silly get cb [ 304,
34 silly get   { date: 'Wed, 03 Feb 2021 21:14:18 GMT',
34 silly get     connection: 'keep-alive',
34 silly get     'set-cookie':
34 silly get      [ '__cfduid=d195f8ccce6581dbaf4c7256a8302af7b1612386858; expires=Fri, 05-Mar-21 21:14:18 GMT; path=/; domain=.npmjs.org; HttpOnly; SameSite=Lax' ],
34 silly get     'cf-ray': '61bf292a9855128b-MIA',
34 silly get     age: '774',
34 silly get     'cache-control': 'public, max-age=300',
34 silly get     etag: '"8b73489415ea2e78c84f4eb8880040c0"',
34 silly get     'last-modified': 'Wed, 03 Feb 2021 12:35:38 GMT',
34 silly get     vary: 'Accept-Encoding',
34 silly get     'cf-cache-status': 'HIT',
34 silly get     'cf-request-id': '080b580e9e0000128bc8a82000000001',
34 silly get     'expect-ct': 'max-age=604800, report-uri="https://report-uri.cloudflare.com/cdn-cgi/beacon/expect-ct"',
34 silly get     server: 'cloudflare' } ]
35 verbose etag https://registry.npmjs.org/webpack from cache
36 verbose get saving webpack to /home/amiranda/.npm/registry.npmjs.org/webpack/.cache.json
37 http 304 https://registry.npmjs.org/webpack-cli
38 verbose headers { date: 'Wed, 03 Feb 2021 21:14:18 GMT',
38 verbose headers   connection: 'keep-alive',
38 verbose headers   'set-cookie':
38 verbose headers    [ '__cfduid=db70cce6846202c12c7d182f8433bbee21612386858; expires=Fri, 05-Mar-21 21:14:18 GMT; path=/; domain=.npmjs.org; HttpOnly; SameSite=Lax' ],
38 verbose headers   'cf-ray': '61bf292aaaa4ef32-MIA',
38 verbose headers   age: '1271',
38 verbose headers   'cache-control': 'public, max-age=300',
38 verbose headers   etag: '"717afb909f0123d561a51b710b0b5fa8"',
38 verbose headers   'last-modified': 'Tue, 02 Feb 2021 17:03:59 GMT',
38 verbose headers   vary: 'Accept-Encoding',
38 verbose headers   'cf-cache-status': 'HIT',
38 verbose headers   'cf-request-id': '080b580eb60000ef3235932000000001',
38 verbose headers   'expect-ct': 'max-age=604800, report-uri="https://report-uri.cloudflare.com/cdn-cgi/beacon/expect-ct"',
38 verbose headers   server: 'cloudflare' }
39 silly get cb [ 304,
39 silly get   { date: 'Wed, 03 Feb 2021 21:14:18 GMT',
39 silly get     connection: 'keep-alive',
39 silly get     'set-cookie':
39 silly get      [ '__cfduid=db70cce6846202c12c7d182f8433bbee21612386858; expires=Fri, 05-Mar-21 21:14:18 GMT; path=/; domain=.npmjs.org; HttpOnly; SameSite=Lax' ],
39 silly get     'cf-ray': '61bf292aaaa4ef32-MIA',
39 silly get     age: '1271',
39 silly get     'cache-control': 'public, max-age=300',
39 silly get     etag: '"717afb909f0123d561a51b710b0b5fa8"',
39 silly get     'last-modified': 'Tue, 02 Feb 2021 17:03:59 GMT',
39 silly get     vary: 'Accept-Encoding',
39 silly get     'cf-cache-status': 'HIT',
39 silly get     'cf-request-id': '080b580eb60000ef3235932000000001',
39 silly get     'expect-ct': 'max-age=604800, report-uri="https://report-uri.cloudflare.com/cdn-cgi/beacon/expect-ct"',
39 silly get     server: 'cloudflare' } ]
40 verbose etag https://registry.npmjs.org/webpack-cli from cache
41 verbose get saving webpack-cli to /home/amiranda/.npm/registry.npmjs.org/webpack-cli/.cache.json
42 silly install normalizeTree
43 silly loadCurrentTree Finishing
44 silly loadIdealTree Starting
45 silly install loadIdealTree
46 silly cloneCurrentTree Starting
47 silly install cloneCurrentTreeToIdealTree
48 silly cloneCurrentTree Finishing
49 silly loadShrinkwrap Starting
50 silly install loadShrinkwrap
51 silly loadShrinkwrap Finishing
52 silly loadAllDepsIntoIdealTree Starting
53 silly install loadAllDepsIntoIdealTree
54 silly resolveWithNewModule webpack-cli@4.5.0 checking installable status
55 silly cache add args [ 'webpack-cli', null ]
56 verbose cache add spec webpack-cli
57 silly resolveWithNewModule webpack@5.20.1 checking installable status
58 silly cache add args [ 'webpack', null ]
59 verbose cache add spec webpack
60 silly cache add parsed spec Result {
60 silly cache add   raw: 'webpack-cli',
60 silly cache add   scope: null,
60 silly cache add   name: 'webpack-cli',
60 silly cache add   rawSpec: '',
60 silly cache add   spec: 'latest',
60 silly cache add   type: 'tag' }
61 silly addNamed webpack-cli@latest
62 verbose addNamed "latest" is being treated as a dist-tag for webpack-cli
63 info addNameTag [ 'webpack-cli', 'latest' ]
64 silly mapToRegistry name webpack-cli
65 silly mapToRegistry using default registry
66 silly mapToRegistry registry https://registry.npmjs.org/
67 silly mapToRegistry uri https://registry.npmjs.org/webpack-cli
68 verbose addNameTag registry:https://registry.npmjs.org/webpack-cli not in flight; fetching
69 silly cache add parsed spec Result {
69 silly cache add   raw: 'webpack',
69 silly cache add   scope: null,
69 silly cache add   name: 'webpack',
69 silly cache add   rawSpec: '',
69 silly cache add   spec: 'latest',
69 silly cache add   type: 'tag' }
70 silly addNamed webpack@latest
71 verbose addNamed "latest" is being treated as a dist-tag for webpack
72 info addNameTag [ 'webpack', 'latest' ]
73 silly mapToRegistry name webpack
74 silly mapToRegistry using default registry
75 silly mapToRegistry registry https://registry.npmjs.org/
76 silly mapToRegistry uri https://registry.npmjs.org/webpack
77 verbose addNameTag registry:https://registry.npmjs.org/webpack not in flight; fetching
78 verbose get https://registry.npmjs.org/webpack-cli not expired, no request
79 silly addNameTag next cb for webpack-cli with tag latest
80 silly addNamed webpack-cli@4.5.0
81 verbose addNamed "4.5.0" is a plain semver version for webpack-cli
82 verbose get https://registry.npmjs.org/webpack not expired, no request
83 silly addNameTag next cb for webpack with tag latest
84 silly addNamed webpack@5.20.1
85 verbose addNamed "5.20.1" is a plain semver version for webpack
86 silly cache afterAdd webpack-cli@4.5.0
87 verbose afterAdd /home/amiranda/.npm/webpack-cli/4.5.0/package/package.json not in flight; writing
88 silly cache afterAdd webpack@5.20.1
89 verbose afterAdd /home/amiranda/.npm/webpack/5.20.1/package/package.json not in flight; writing
90 verbose afterAdd /home/amiranda/.npm/webpack-cli/4.5.0/package/package.json written
91 verbose afterAdd /home/amiranda/.npm/webpack/5.20.1/package/package.json written
92 silly fetchNamedPackageData @types/eslint-scope
93 silly mapToRegistry name @types/eslint-scope
94 silly mapToRegistry scope (from package name) @types
95 verbose mapToRegistry no registry URL found in name for scope @types
96 silly mapToRegistry using default registry
97 silly mapToRegistry registry https://registry.npmjs.org/
98 silly mapToRegistry uri https://registry.npmjs.org/@types%2feslint-scope
99 silly fetchNamedPackageData @types/estree
100 silly mapToRegistry name @types/estree
101 silly mapToRegistry scope (from package name) @types
102 verbose mapToRegistry no registry URL found in name for scope @types
103 silly mapToRegistry using default registry
104 silly mapToRegistry registry https://registry.npmjs.org/
105 silly mapToRegistry uri https://registry.npmjs.org/@types%2festree
106 silly fetchNamedPackageData @webassemblyjs/ast
107 silly mapToRegistry name @webassemblyjs/ast
108 silly mapToRegistry scope (from package name) @webassemblyjs
109 verbose mapToRegistry no registry URL found in name for scope @webassemblyjs
110 silly mapToRegistry using default registry
111 silly mapToRegistry registry https://registry.npmjs.org/
112 silly mapToRegistry uri https://registry.npmjs.org/@webassemblyjs%2fast
113 silly fetchNamedPackageData @webassemblyjs/wasm-edit
114 silly mapToRegistry name @webassemblyjs/wasm-edit
115 silly mapToRegistry scope (from package name) @webassemblyjs
116 verbose mapToRegistry no registry URL found in name for scope @webassemblyjs
117 silly mapToRegistry using default registry
118 silly mapToRegistry registry https://registry.npmjs.org/
119 silly mapToRegistry uri https://registry.npmjs.org/@webassemblyjs%2fwasm-edit
120 silly fetchNamedPackageData @webassemblyjs/wasm-parser
121 silly mapToRegistry name @webassemblyjs/wasm-parser
122 silly mapToRegistry scope (from package name) @webassemblyjs
123 verbose mapToRegistry no registry URL found in name for scope @webassemblyjs
124 silly mapToRegistry using default registry
125 silly mapToRegistry registry https://registry.npmjs.org/
126 silly mapToRegistry uri https://registry.npmjs.org/@webassemblyjs%2fwasm-parser
127 silly fetchNamedPackageData acorn
128 silly mapToRegistry name acorn
129 silly mapToRegistry using default registry
130 silly mapToRegistry registry https://registry.npmjs.org/
131 silly mapToRegistry uri https://registry.npmjs.org/acorn
132 silly fetchNamedPackageData browserslist
133 silly mapToRegistry name browserslist
134 silly mapToRegistry using default registry
135 silly mapToRegistry registry https://registry.npmjs.org/
136 silly mapToRegistry uri https://registry.npmjs.org/browserslist
137 silly fetchNamedPackageData chrome-trace-event
138 silly mapToRegistry name chrome-trace-event
139 silly mapToRegistry using default registry
140 silly mapToRegistry registry https://registry.npmjs.org/
141 silly mapToRegistry uri https://registry.npmjs.org/chrome-trace-event
142 silly fetchNamedPackageData enhanced-resolve
143 silly mapToRegistry name enhanced-resolve
144 silly mapToRegistry using default registry
145 silly mapToRegistry registry https://registry.npmjs.org/
146 silly mapToRegistry uri https://registry.npmjs.org/enhanced-resolve
147 silly fetchNamedPackageData es-module-lexer
148 silly mapToRegistry name es-module-lexer
149 silly mapToRegistry using default registry
150 silly mapToRegistry registry https://registry.npmjs.org/
151 silly mapToRegistry uri https://registry.npmjs.org/es-module-lexer
152 silly fetchNamedPackageData eslint-scope
153 silly mapToRegistry name eslint-scope
154 silly mapToRegistry using default registry
155 silly mapToRegistry registry https://registry.npmjs.org/
156 silly mapToRegistry uri https://registry.npmjs.org/eslint-scope
157 silly fetchNamedPackageData events
158 silly mapToRegistry name events
159 silly mapToRegistry using default registry
160 silly mapToRegistry registry https://registry.npmjs.org/
161 silly mapToRegistry uri https://registry.npmjs.org/events
162 silly fetchNamedPackageData glob-to-regexp
163 silly mapToRegistry name glob-to-regexp
164 silly mapToRegistry using default registry
165 silly mapToRegistry registry https://registry.npmjs.org/
166 silly mapToRegistry uri https://registry.npmjs.org/glob-to-regexp
167 silly fetchNamedPackageData graceful-fs
168 silly mapToRegistry name graceful-fs
169 silly mapToRegistry using default registry
170 silly mapToRegistry registry https://registry.npmjs.org/
171 silly mapToRegistry uri https://registry.npmjs.org/graceful-fs
172 silly fetchNamedPackageData json-parse-better-errors
173 silly mapToRegistry name json-parse-better-errors
174 silly mapToRegistry using default registry
175 silly mapToRegistry registry https://registry.npmjs.org/
176 silly mapToRegistry uri https://registry.npmjs.org/json-parse-better-errors
177 silly fetchNamedPackageData loader-runner
178 silly mapToRegistry name loader-runner
179 silly mapToRegistry using default registry
180 silly mapToRegistry registry https://registry.npmjs.org/
181 silly mapToRegistry uri https://registry.npmjs.org/loader-runner
182 silly fetchNamedPackageData mime-types
183 silly mapToRegistry name mime-types
184 silly mapToRegistry using default registry
185 silly mapToRegistry registry https://registry.npmjs.org/
186 silly mapToRegistry uri https://registry.npmjs.org/mime-types
187 silly fetchNamedPackageData neo-async
188 silly mapToRegistry name neo-async
189 silly mapToRegistry using default registry
190 silly mapToRegistry registry https://registry.npmjs.org/
191 silly mapToRegistry uri https://registry.npmjs.org/neo-async
192 silly fetchNamedPackageData schema-utils
193 silly mapToRegistry name schema-utils
194 silly mapToRegistry using default registry
195 silly mapToRegistry registry https://registry.npmjs.org/
196 silly mapToRegistry uri https://registry.npmjs.org/schema-utils
197 silly fetchNamedPackageData tapable
198 silly mapToRegistry name tapable
199 silly mapToRegistry using default registry
200 silly mapToRegistry registry https://registry.npmjs.org/
201 silly mapToRegistry uri https://registry.npmjs.org/tapable
202 silly fetchNamedPackageData terser-webpack-plugin
203 silly mapToRegistry name terser-webpack-plugin
204 silly mapToRegistry using default registry
205 silly mapToRegistry registry https://registry.npmjs.org/
206 silly mapToRegistry uri https://registry.npmjs.org/terser-webpack-plugin
207 silly fetchNamedPackageData watchpack
208 silly mapToRegistry name watchpack
209 silly mapToRegistry using default registry
210 silly mapToRegistry registry https://registry.npmjs.org/
211 silly mapToRegistry uri https://registry.npmjs.org/watchpack
212 silly fetchNamedPackageData webpack-sources
213 silly mapToRegistry name webpack-sources
214 silly mapToRegistry using default registry
215 silly mapToRegistry registry https://registry.npmjs.org/
216 silly mapToRegistry uri https://registry.npmjs.org/webpack-sources
217 verbose request uri https://registry.npmjs.org/@types%2festree
218 verbose request no auth needed
219 info attempt registry request try #1 at 4:14:19 PM
220 verbose etag W/"703dbcb15547af55e1d00aece92bc3b7"
221 verbose lastModified Mon, 11 Jan 2021 22:15:24 GMT
222 http request GET https://registry.npmjs.org/@types%2festree
223 verbose request uri https://registry.npmjs.org/@types%2feslint-scope
224 verbose request no auth needed
225 info attempt registry request try #1 at 4:14:19 PM
226 verbose etag W/"04fecd375d9464d2a83c895f901e0d13"
227 verbose lastModified Mon, 14 Dec 2020 08:46:33 GMT
228 http request GET https://registry.npmjs.org/@types%2feslint-scope
229 verbose request uri https://registry.npmjs.org/@webassemblyjs%2fast
230 verbose request no auth needed
231 info attempt registry request try #1 at 4:14:19 PM
232 verbose etag W/"98377fc4541f55b48db7c850626e4977"
233 verbose lastModified Thu, 07 Jan 2021 18:11:45 GMT
234 http request GET https://registry.npmjs.org/@webassemblyjs%2fast
235 verbose request uri https://registry.npmjs.org/@webassemblyjs%2fwasm-edit
236 verbose request no auth needed
237 info attempt registry request try #1 at 4:14:19 PM
238 verbose etag W/"9ef3b8775e22c59ff2cbc83e53c51054"
239 verbose lastModified Thu, 07 Jan 2021 18:12:07 GMT
240 http request GET https://registry.npmjs.org/@webassemblyjs%2fwasm-edit
241 verbose request uri https://registry.npmjs.org/@webassemblyjs%2fwasm-parser
242 verbose request no auth needed
243 info attempt registry request try #1 at 4:14:19 PM
244 verbose etag W/"7a187dec6fd84ab6540444f3a1468606"
245 verbose lastModified Thu, 07 Jan 2021 18:11:53 GMT
246 http request GET https://registry.npmjs.org/@webassemblyjs%2fwasm-parser
247 verbose request uri https://registry.npmjs.org/chrome-trace-event
248 verbose request no auth needed
249 info attempt registry request try #1 at 4:14:19 PM
250 verbose etag W/"957931c3cf7be351a3dcdfc0af854416"
251 verbose lastModified Mon, 27 May 2019 00:31:28 GMT
252 http request GET https://registry.npmjs.org/chrome-trace-event
253 verbose request uri https://registry.npmjs.org/browserslist
254 verbose request no auth needed
255 info attempt registry request try #1 at 4:14:19 PM
256 verbose etag W/"8bc366d9b6e1889a94b9b02ec14f25bf"
257 verbose lastModified Sun, 31 Jan 2021 20:11:07 GMT
258 http request GET https://registry.npmjs.org/browserslist
259 verbose request uri https://registry.npmjs.org/acorn
260 verbose request no auth needed
261 info attempt registry request try #1 at 4:14:19 PM
262 verbose etag W/"c5765b7e36f1b4f09b3e7e4af3064626"
263 verbose lastModified Mon, 25 Jan 2021 07:40:22 GMT
264 http request GET https://registry.npmjs.org/acorn
265 verbose request uri https://registry.npmjs.org/es-module-lexer
266 verbose request no auth needed
267 info attempt registry request try #1 at 4:14:19 PM
268 verbose etag W/"812418c68ee2b0badfc220e68a8611c6"
269 verbose lastModified Fri, 30 Oct 2020 22:36:05 GMT
270 http request GET https://registry.npmjs.org/es-module-lexer
271 verbose request uri https://registry.npmjs.org/eslint-scope
272 verbose request no auth needed
273 info attempt registry request try #1 at 4:14:19 PM
274 verbose etag W/"ffc8ee189cd5da1f62ebf032313c3f37"
275 verbose lastModified Sat, 12 Sep 2020 18:29:04 GMT
276 http request GET https://registry.npmjs.org/eslint-scope
277 verbose request uri https://registry.npmjs.org/events
278 verbose request no auth needed
279 info attempt registry request try #1 at 4:14:19 PM
280 verbose etag W/"0ea04c169397683637c1a30b155ab0e9"
281 verbose lastModified Wed, 22 Jul 2020 12:54:30 GMT
282 http request GET https://registry.npmjs.org/events
283 verbose request uri https://registry.npmjs.org/glob-to-regexp
284 verbose request no auth needed
285 info attempt registry request try #1 at 4:14:19 PM
286 verbose etag W/"e7bc679e44f6d9967a5891895be3d7a3"
287 verbose lastModified Mon, 01 Apr 2019 16:19:57 GMT
288 http request GET https://registry.npmjs.org/glob-to-regexp
289 verbose request uri https://registry.npmjs.org/json-parse-better-errors
290 verbose request no auth needed
291 info attempt registry request try #1 at 4:14:19 PM
292 verbose etag W/"641838e1e2ab981ec00b18cfdd176fbb"
293 verbose lastModified Sun, 27 May 2018 05:39:58 GMT
294 http request GET https://registry.npmjs.org/json-parse-better-errors
295 verbose request uri https://registry.npmjs.org/graceful-fs
296 verbose request no auth needed
297 info attempt registry request try #1 at 4:14:19 PM
298 verbose etag W/"84e1c483529d18a582ac0265096141af"
299 verbose lastModified Tue, 28 Apr 2020 15:14:15 GMT
300 http request GET https://registry.npmjs.org/graceful-fs
301 verbose request uri https://registry.npmjs.org/loader-runner
302 verbose request no auth needed
303 info attempt registry request try #1 at 4:14:19 PM
304 verbose etag W/"2d2fbc1989c21656e1f74c0664d8c610"
305 verbose lastModified Thu, 07 Jan 2021 14:29:23 GMT
306 http request GET https://registry.npmjs.org/loader-runner
307 verbose request uri https://registry.npmjs.org/mime-types
308 verbose request no auth needed
309 info attempt registry request try #1 at 4:14:19 PM
310 verbose etag W/"3a4d78d612b63e24a0ea73d1875bf629"
311 verbose lastModified Sat, 02 Jan 2021 04:29:02 GMT
312 http request GET https://registry.npmjs.org/mime-types
313 verbose request uri https://registry.npmjs.org/neo-async
314 verbose request no auth needed
315 info attempt registry request try #1 at 4:14:19 PM
316 verbose etag W/"be27baa40112dc09270ed6f74bd42253"
317 verbose lastModified Thu, 09 Jul 2020 18:23:56 GMT
318 http request GET https://registry.npmjs.org/neo-async
319 verbose request uri https://registry.npmjs.org/schema-utils
320 verbose request no auth needed
321 info attempt registry request try #1 at 4:14:19 PM
322 verbose etag W/"e59ba44fdfdbf3de72b663165511e336"
323 verbose lastModified Mon, 05 Oct 2020 18:21:41 GMT
324 http request GET https://registry.npmjs.org/schema-utils
325 verbose request uri https://registry.npmjs.org/tapable
326 verbose request no auth needed
327 info attempt registry request try #1 at 4:14:19 PM
328 verbose etag W/"383741370ff2f90124c720867b893e86"
329 verbose lastModified Fri, 04 Dec 2020 13:57:04 GMT
330 http request GET https://registry.npmjs.org/tapable
331 verbose request uri https://registry.npmjs.org/terser-webpack-plugin
332 verbose request no auth needed
333 info attempt registry request try #1 at 4:14:19 PM
334 verbose etag W/"bd76a541325fe5b931fc4836dd63085d"
335 verbose lastModified Sat, 09 Jan 2021 12:40:08 GMT
336 http request GET https://registry.npmjs.org/terser-webpack-plugin
337 verbose request uri https://registry.npmjs.org/watchpack
338 verbose request no auth needed
339 info attempt registry request try #1 at 4:14:19 PM
340 verbose etag W/"48f6dbc5460d26edcd632751ebdcbdaf"
341 verbose lastModified Tue, 08 Dec 2020 10:52:45 GMT
342 http request GET https://registry.npmjs.org/watchpack
343 verbose request uri https://registry.npmjs.org/webpack-sources
344 verbose request no auth needed
345 info attempt registry request try #1 at 4:14:19 PM
346 verbose etag W/"ed19f21160d8d2aa7730d2c4960f77c4"
347 verbose lastModified Thu, 29 Oct 2020 10:21:44 GMT
348 http request GET https://registry.npmjs.org/webpack-sources
349 verbose request uri https://registry.npmjs.org/enhanced-resolve
350 verbose request no auth needed
351 info attempt registry request try #1 at 4:14:19 PM
352 verbose etag W/"90bac3a16a99e3643d545b4cbbb99505"
353 verbose lastModified Wed, 13 Jan 2021 20:38:34 GMT
354 http request GET https://registry.npmjs.org/enhanced-resolve
355 http 304 https://registry.npmjs.org/@types%2festree
356 verbose headers { date: 'Wed, 03 Feb 2021 21:14:19 GMT',
356 verbose headers   connection: 'keep-alive',
356 verbose headers   'set-cookie':
356 verbose headers    [ '__cfduid=da4c9feff85e2b21c5e8d8766ab3270a71612386859; expires=Fri, 05-Mar-21 21:14:19 GMT; path=/; domain=.npmjs.org; HttpOnly; SameSite=Lax' ],
356 verbose headers   'cf-ray': '61bf29328b88128b-MIA',
356 verbose headers   age: '926',
356 verbose headers   'cache-control': 'public, max-age=300',
356 verbose headers   etag: '"703dbcb15547af55e1d00aece92bc3b7"',
356 verbose headers   'last-modified': 'Mon, 11 Jan 2021 22:15:24 GMT',
356 verbose headers   vary: 'Accept-Encoding',
356 verbose headers   'cf-cache-status': 'HIT',
356 verbose headers   'cf-request-id': '080b5813950000128bf425c000000001',
356 verbose headers   'expect-ct': 'max-age=604800, report-uri="https://report-uri.cloudflare.com/cdn-cgi/beacon/expect-ct"',
356 verbose headers   server: 'cloudflare' }
357 silly get cb [ 304,
357 silly get   { date: 'Wed, 03 Feb 2021 21:14:19 GMT',
357 silly get     connection: 'keep-alive',
357 silly get     'set-cookie':
357 silly get      [ '__cfduid=da4c9feff85e2b21c5e8d8766ab3270a71612386859; expires=Fri, 05-Mar-21 21:14:19 GMT; path=/; domain=.npmjs.org; HttpOnly; SameSite=Lax' ],
357 silly get     'cf-ray': '61bf29328b88128b-MIA',
357 silly get     age: '926',
357 silly get     'cache-control': 'public, max-age=300',
357 silly get     etag: '"703dbcb15547af55e1d00aece92bc3b7"',
357 silly get     'last-modified': 'Mon, 11 Jan 2021 22:15:24 GMT',
357 silly get     vary: 'Accept-Encoding',
357 silly get     'cf-cache-status': 'HIT',
357 silly get     'cf-request-id': '080b5813950000128bf425c000000001',
357 silly get     'expect-ct': 'max-age=604800, report-uri="https://report-uri.cloudflare.com/cdn-cgi/beacon/expect-ct"',
357 silly get     server: 'cloudflare' } ]
358 verbose etag https://registry.npmjs.org/@types%2festree from cache
359 verbose get saving @types/estree to /home/amiranda/.npm/registry.npmjs.org/_40types_252festree/.cache.json
360 silly resolveWithNewModule @types/estree@0.0.46 checking installable status
361 silly cache add args [ '@types/estree@^0.0.46', null ]
362 verbose cache add spec @types/estree@^0.0.46
363 silly cache add parsed spec Result {
363 silly cache add   raw: '@types/estree@^0.0.46',
363 silly cache add   scope: '@types',
363 silly cache add   name: '@types/estree',
363 silly cache add   rawSpec: '^0.0.46',
363 silly cache add   spec: '>=0.0.46 <0.0.47',
363 silly cache add   type: 'range' }
364 silly addNamed @types/estree@>=0.0.46 <0.0.47
365 verbose addNamed ">=0.0.46 <0.0.47" is a valid semver range for @types/estree
366 silly addNameRange { name: '@types/estree',
366 silly addNameRange   range: '>=0.0.46 <0.0.47',
366 silly addNameRange   hasData: false }
367 silly mapToRegistry name @types/estree
368 silly mapToRegistry scope (from package name) @types
369 verbose mapToRegistry no registry URL found in name for scope @types
370 silly mapToRegistry using default registry
371 silly mapToRegistry registry https://registry.npmjs.org/
372 silly mapToRegistry uri https://registry.npmjs.org/@types%2festree
373 verbose addNameRange registry:https://registry.npmjs.org/@types%2festree not in flight; fetching
374 http 304 https://registry.npmjs.org/@types%2feslint-scope
375 verbose headers { date: 'Wed, 03 Feb 2021 21:14:19 GMT',
375 verbose headers   connection: 'keep-alive',
375 verbose headers   'set-cookie':
375 verbose headers    [ '__cfduid=df333ba3088ad5f1ac7473f193e0114c51612386859; expires=Fri, 05-Mar-21 21:14:19 GMT; path=/; domain=.npmjs.org; HttpOnly; SameSite=Lax' ],
375 verbose headers   'cf-ray': '61bf29328ca1ef32-MIA',
375 verbose headers   age: '365',
375 verbose headers   'cache-control': 'public, max-age=300',
375 verbose headers   etag: '"04fecd375d9464d2a83c895f901e0d13"',
375 verbose headers   'last-modified': 'Mon, 14 Dec 2020 08:46:33 GMT',
375 verbose headers   vary: 'Accept-Encoding',
375 verbose headers   'cf-cache-status': 'HIT',
375 verbose headers   'cf-request-id': '080b58139a0000ef322b2ef000000001',
375 verbose headers   'expect-ct': 'max-age=604800, report-uri="https://report-uri.cloudflare.com/cdn-cgi/beacon/expect-ct"',
375 verbose headers   server: 'cloudflare' }
376 silly get cb [ 304,
376 silly get   { date: 'Wed, 03 Feb 2021 21:14:19 GMT',
376 silly get     connection: 'keep-alive',
376 silly get     'set-cookie':
376 silly get      [ '__cfduid=df333ba3088ad5f1ac7473f193e0114c51612386859; expires=Fri, 05-Mar-21 21:14:19 GMT; path=/; domain=.npmjs.org; HttpOnly; SameSite=Lax' ],
376 silly get     'cf-ray': '61bf29328ca1ef32-MIA',
376 silly get     age: '365',
376 silly get     'cache-control': 'public, max-age=300',
376 silly get     etag: '"04fecd375d9464d2a83c895f901e0d13"',
376 silly get     'last-modified': 'Mon, 14 Dec 2020 08:46:33 GMT',
376 silly get     vary: 'Accept-Encoding',
376 silly get     'cf-cache-status': 'HIT',
376 silly get     'cf-request-id': '080b58139a0000ef322b2ef000000001',
376 silly get     'expect-ct': 'max-age=604800, report-uri="https://report-uri.cloudflare.com/cdn-cgi/beacon/expect-ct"',
376 silly get     server: 'cloudflare' } ]
377 verbose etag https://registry.npmjs.org/@types%2feslint-scope from cache
378 verbose get saving @types/eslint-scope to /home/amiranda/.npm/registry.npmjs.org/_40types_252feslint-scope/.cache.json
379 verbose get https://registry.npmjs.org/@types%2festree not expired, no request
380 silly addNameRange number 2 { name: '@types/estree',
380 silly addNameRange   range: '>=0.0.46 <0.0.47',
380 silly addNameRange   hasData: true }
381 silly addNameRange versions [ '@types/estree',
381 silly addNameRange   [ '0.0.15-alpha',
381 silly addNameRange     '0.0.16-alpha',
381 silly addNameRange     '0.0.21-alpha',
381 silly addNameRange     '0.0.22-alpha',
381 silly addNameRange     '0.0.23-alpha',
381 silly addNameRange     '0.0.24-alpha',
381 silly addNameRange     '0.0.25-alpha',
381 silly addNameRange     '0.0.26-alpha',
381 silly addNameRange     '0.0.27-alpha',
381 silly addNameRange     '0.0.28',
381 silly addNameRange     '0.0.29',
381 silly addNameRange     '0.0.30',
381 silly addNameRange     '0.0.31',
381 silly addNameRange     '0.0.32',
381 silly addNameRange     '0.0.33',
381 silly addNameRange     '0.0.34',
381 silly addNameRange     '0.0.35',
381 silly addNameRange     '0.0.36',
381 silly addNameRange     '0.0.37',
381 silly addNameRange     '0.0.38',
381 silly addNameRange     '0.0.39',
381 silly addNameRange     '0.0.40',
381 silly addNameRange     '0.0.41',
381 silly addNameRange     '0.0.42',
381 silly addNameRange     '0.0.43',
381 silly addNameRange     '0.0.44',
381 silly addNameRange     '0.0.45',
381 silly addNameRange     '0.0.46' ] ]
382 silly addNamed @types/estree@0.0.46
383 verbose addNamed "0.0.46" is a plain semver version for @types/estree
384 silly cache afterAdd @types/estree@0.0.46
385 verbose afterAdd /home/amiranda/.npm/@types/estree/0.0.46/package/package.json not in flight; writing
386 silly resolveWithNewModule @types/eslint-scope@3.7.0 checking installable status
387 silly cache add args [ '@types/eslint-scope@^3.7.0', null ]
388 verbose cache add spec @types/eslint-scope@^3.7.0
389 silly cache add parsed spec Result {
389 silly cache add   raw: '@types/eslint-scope@^3.7.0',
389 silly cache add   scope: '@types',
389 silly cache add   name: '@types/eslint-scope',
389 silly cache add   rawSpec: '^3.7.0',
389 silly cache add   spec: '>=3.7.0 <4.0.0',
389 silly cache add   type: 'range' }
390 silly addNamed @types/eslint-scope@>=3.7.0 <4.0.0
391 verbose addNamed ">=3.7.0 <4.0.0" is a valid semver range for @types/eslint-scope
392 silly addNameRange { name: '@types/eslint-scope',
392 silly addNameRange   range: '>=3.7.0 <4.0.0',
392 silly addNameRange   hasData: false }
393 silly mapToRegistry name @types/eslint-scope
394 silly mapToRegistry scope (from package name) @types
395 verbose mapToRegistry no registry URL found in name for scope @types
396 silly mapToRegistry using default registry
397 silly mapToRegistry registry https://registry.npmjs.org/
398 silly mapToRegistry uri https://registry.npmjs.org/@types%2feslint-scope
399 verbose addNameRange registry:https://registry.npmjs.org/@types%2feslint-scope not in flight; fetching
400 verbose get https://registry.npmjs.org/@types%2feslint-scope not expired, no request
401 silly addNameRange number 2 { name: '@types/eslint-scope',
401 silly addNameRange   range: '>=3.7.0 <4.0.0',
401 silly addNameRange   hasData: true }
402 silly addNameRange versions [ '@types/eslint-scope', [ '3.7.0' ] ]
403 silly addNamed @types/eslint-scope@3.7.0
404 verbose addNamed "3.7.0" is a plain semver version for @types/eslint-scope
405 verbose afterAdd /home/amiranda/.npm/@types/estree/0.0.46/package/package.json written
406 silly cache afterAdd @types/eslint-scope@3.7.0
407 verbose afterAdd /home/amiranda/.npm/@types/eslint-scope/3.7.0/package/package.json not in flight; writing
408 verbose afterAdd /home/amiranda/.npm/@types/eslint-scope/3.7.0/package/package.json written
409 http 304 https://registry.npmjs.org/events
410 verbose headers { date: 'Wed, 03 Feb 2021 21:14:20 GMT',
410 verbose headers   connection: 'keep-alive',
410 verbose headers   'set-cookie':
410 verbose headers    [ '__cfduid=dddbbb848afc55189b338f50d77565aa41612386860; expires=Fri, 05-Mar-21 21:14:20 GMT; path=/; domain=.npmjs.org; HttpOnly; SameSite=Lax' ],
410 verbose headers   'cf-ray': '61bf29339e44c89f-MIA',
410 verbose headers   age: '4702',
410 verbose headers   'cache-control': 'public, max-age=300',
410 verbose headers   etag: '"0ea04c169397683637c1a30b155ab0e9"',
410 verbose headers   'last-modified': 'Wed, 22 Jul 2020 12:54:30 GMT',
410 verbose headers   vary: 'Accept-Encoding',
410 verbose headers   'cf-cache-status': 'HIT',
410 verbose headers   'cf-request-id': '080b58143b0000c89f17151000000001',
410 verbose headers   'expect-ct': 'max-age=604800, report-uri="https://report-uri.cloudflare.com/cdn-cgi/beacon/expect-ct"',
410 verbose headers   server: 'cloudflare' }
411 silly get cb [ 304,
411 silly get   { date: 'Wed, 03 Feb 2021 21:14:20 GMT',
411 silly get     connection: 'keep-alive',
411 silly get     'set-cookie':
411 silly get      [ '__cfduid=dddbbb848afc55189b338f50d77565aa41612386860; expires=Fri, 05-Mar-21 21:14:20 GMT; path=/; domain=.npmjs.org; HttpOnly; SameSite=Lax' ],
411 silly get     'cf-ray': '61bf29339e44c89f-MIA',
411 silly get     age: '4702',
411 silly get     'cache-control': 'public, max-age=300',
411 silly get     etag: '"0ea04c169397683637c1a30b155ab0e9"',
411 silly get     'last-modified': 'Wed, 22 Jul 2020 12:54:30 GMT',
411 silly get     vary: 'Accept-Encoding',
411 silly get     'cf-cache-status': 'HIT',
411 silly get     'cf-request-id': '080b58143b0000c89f17151000000001',
411 silly get     'expect-ct': 'max-age=604800, report-uri="https://report-uri.cloudflare.com/cdn-cgi/beacon/expect-ct"',
411 silly get     server: 'cloudflare' } ]
412 verbose etag https://registry.npmjs.org/events from cache
413 verbose get saving events to /home/amiranda/.npm/registry.npmjs.org/events/.cache.json
414 http 304 https://registry.npmjs.org/browserslist
415 verbose headers { date: 'Wed, 03 Feb 2021 21:14:20 GMT',
415 verbose headers   connection: 'keep-alive',
415 verbose headers   'set-cookie':
415 verbose headers    [ '__cfduid=d1607974539c5e474154caf7a71f316201612386860; expires=Fri, 05-Mar-21 21:14:20 GMT; path=/; domain=.npmjs.org; HttpOnly; SameSite=Lax' ],
415 verbose headers   'cf-ray': '61bf29338ab60434-MIA',
415 verbose headers   age: '4538',
415 verbose headers   'cache-control': 'public, max-age=300',
415 verbose headers   etag: '"8bc366d9b6e1889a94b9b02ec14f25bf"',
415 verbose headers   'last-modified': 'Sun, 31 Jan 2021 20:11:07 GMT',
415 verbose headers   vary: 'Accept-Encoding',
415 verbose headers   'cf-cache-status': 'HIT',
415 verbose headers   'cf-request-id': '080b58143900000434a4a86000000001',
415 verbose headers   'expect-ct': 'max-age=604800, report-uri="https://report-uri.cloudflare.com/cdn-cgi/beacon/expect-ct"',
415 verbose headers   server: 'cloudflare' }
416 silly get cb [ 304,
416 silly get   { date: 'Wed, 03 Feb 2021 21:14:20 GMT',
416 silly get     connection: 'keep-alive',
416 silly get     'set-cookie':
416 silly get      [ '__cfduid=d1607974539c5e474154caf7a71f316201612386860; expires=Fri, 05-Mar-21 21:14:20 GMT; path=/; domain=.npmjs.org; HttpOnly; SameSite=Lax' ],
416 silly get     'cf-ray': '61bf29338ab60434-MIA',
416 silly get     age: '4538',
416 silly get     'cache-control': 'public, max-age=300',
416 silly get     etag: '"8bc366d9b6e1889a94b9b02ec14f25bf"',
416 silly get     'last-modified': 'Sun, 31 Jan 2021 20:11:07 GMT',
416 silly get     vary: 'Accept-Encoding',
416 silly get     'cf-cache-status': 'HIT',
416 silly get     'cf-request-id': '080b58143900000434a4a86000000001',
416 silly get     'expect-ct': 'max-age=604800, report-uri="https://report-uri.cloudflare.com/cdn-cgi/beacon/expect-ct"',
416 silly get     server: 'cloudflare' } ]
417 verbose etag https://registry.npmjs.org/browserslist from cache
418 verbose get saving browserslist to /home/amiranda/.npm/registry.npmjs.org/browserslist/.cache.json
419 http 304 https://registry.npmjs.org/@webassemblyjs%2fwasm-edit
420 verbose headers { date: 'Wed, 03 Feb 2021 21:14:20 GMT',
420 verbose headers   connection: 'keep-alive',
420 verbose headers   'set-cookie':
420 verbose headers    [ '__cfduid=d1607974539c5e474154caf7a71f316201612386860; expires=Fri, 05-Mar-21 21:14:20 GMT; path=/; domain=.npmjs.org; HttpOnly; SameSite=Lax' ],
420 verbose headers   'cf-ray': '61bf2933ab270434-MIA',
420 verbose headers   age: '555',
420 verbose headers   'cache-control': 'public, max-age=300',
420 verbose headers   etag: '"9ef3b8775e22c59ff2cbc83e53c51054"',
420 verbose headers   'last-modified': 'Thu, 07 Jan 2021 18:12:07 GMT',
420 verbose headers   vary: 'Accept-Encoding',
420 verbose headers   'cf-cache-status': 'HIT',
420 verbose headers   'cf-request-id': '080b58144e00000434c7a69000000001',
420 verbose headers   'expect-ct': 'max-age=604800, report-uri="https://report-uri.cloudflare.com/cdn-cgi/beacon/expect-ct"',
420 verbose headers   server: 'cloudflare' }
421 silly get cb [ 304,
421 silly get   { date: 'Wed, 03 Feb 2021 21:14:20 GMT',
421 silly get     connection: 'keep-alive',
421 silly get     'set-cookie':
421 silly get      [ '__cfduid=d1607974539c5e474154caf7a71f316201612386860; expires=Fri, 05-Mar-21 21:14:20 GMT; path=/; domain=.npmjs.org; HttpOnly; SameSite=Lax' ],
421 silly get     'cf-ray': '61bf2933ab270434-MIA',
421 silly get     age: '555',
421 silly get     'cache-control': 'public, max-age=300',
421 silly get     etag: '"9ef3b8775e22c59ff2cbc83e53c51054"',
421 silly get     'last-modified': 'Thu, 07 Jan 2021 18:12:07 GMT',
421 silly get     vary: 'Accept-Encoding',
421 silly get     'cf-cache-status': 'HIT',
421 silly get     'cf-request-id': '080b58144e00000434c7a69000000001',
421 silly get     'expect-ct': 'max-age=604800, report-uri="https://report-uri.cloudflare.com/cdn-cgi/beacon/expect-ct"',
421 silly get     server: 'cloudflare' } ]
422 verbose etag https://registry.npmjs.org/@webassemblyjs%2fwasm-edit from cache
423 verbose get saving @webassemblyjs/wasm-edit to /home/amiranda/.npm/registry.npmjs.org/_40webassemblyjs_252fwasm-edit/.cache.json
424 http 304 https://registry.npmjs.org/es-module-lexer
425 verbose headers { date: 'Wed, 03 Feb 2021 21:14:20 GMT',
425 verbose headers   connection: 'keep-alive',
425 verbose headers   'set-cookie':
425 verbose headers    [ '__cfduid=df5878a2fbfb4a868996374c357f9a34d1612386860; expires=Fri, 05-Mar-21 21:14:20 GMT; path=/; domain=.npmjs.org; HttpOnly; SameSite=Lax' ],
425 verbose headers   'cf-ray': '61bf2933a9f412a3-MIA',
425 verbose headers   age: '366',
425 verbose headers   'cache-control': 'public, max-age=300',
425 verbose headers   etag: '"812418c68ee2b0badfc220e68a8611c6"',
425 verbose headers   'last-modified': 'Fri, 30 Oct 2020 22:36:05 GMT',
425 verbose headers   vary: 'Accept-Encoding',
425 verbose headers   'cf-cache-status': 'HIT',
425 verbose headers   'cf-request-id': '080b58144a000012a3d1954000000001',
425 verbose headers   'expect-ct': 'max-age=604800, report-uri="https://report-uri.cloudflare.com/cdn-cgi/beacon/expect-ct"',
425 verbose headers   server: 'cloudflare' }
426 silly get cb [ 304,
426 silly get   { date: 'Wed, 03 Feb 2021 21:14:20 GMT',
426 silly get     connection: 'keep-alive',
426 silly get     'set-cookie':
426 silly get      [ '__cfduid=df5878a2fbfb4a868996374c357f9a34d1612386860; expires=Fri, 05-Mar-21 21:14:20 GMT; path=/; domain=.npmjs.org; HttpOnly; SameSite=Lax' ],
426 silly get     'cf-ray': '61bf2933a9f412a3-MIA',
426 silly get     age: '366',
426 silly get     'cache-control': 'public, max-age=300',
426 silly get     etag: '"812418c68ee2b0badfc220e68a8611c6"',
426 silly get     'last-modified': 'Fri, 30 Oct 2020 22:36:05 GMT',
426 silly get     vary: 'Accept-Encoding',
426 silly get     'cf-cache-status': 'HIT',
426 silly get     'cf-request-id': '080b58144a000012a3d1954000000001',
426 silly get     'expect-ct': 'max-age=604800, report-uri="https://report-uri.cloudflare.com/cdn-cgi/beacon/expect-ct"',
426 silly get     server: 'cloudflare' } ]
427 verbose etag https://registry.npmjs.org/es-module-lexer from cache
428 verbose get saving es-module-lexer to /home/amiranda/.npm/registry.npmjs.org/es-module-lexer/.cache.json
429 silly resolveWithNewModule events@3.2.0 checking installable status
430 silly cache add args [ 'events@^3.2.0', null ]
431 verbose cache add spec events@^3.2.0
432 silly cache add parsed spec Result {
432 silly cache add   raw: 'events@^3.2.0',
432 silly cache add   scope: null,
432 silly cache add   name: 'events',
432 silly cache add   rawSpec: '^3.2.0',
432 silly cache add   spec: '>=3.2.0 <4.0.0',
432 silly cache add   type: 'range' }
433 silly addNamed events@>=3.2.0 <4.0.0
434 verbose addNamed ">=3.2.0 <4.0.0" is a valid semver range for events
435 silly addNameRange { name: 'events', range: '>=3.2.0 <4.0.0', hasData: false }
436 silly mapToRegistry name events
437 silly mapToRegistry using default registry
438 silly mapToRegistry registry https://registry.npmjs.org/
439 silly mapToRegistry uri https://registry.npmjs.org/events
440 verbose addNameRange registry:https://registry.npmjs.org/events not in flight; fetching
441 http 304 https://registry.npmjs.org/acorn
442 verbose headers { date: 'Wed, 03 Feb 2021 21:14:20 GMT',
442 verbose headers   connection: 'keep-alive',
442 verbose headers   'set-cookie':
442 verbose headers    [ '__cfduid=d73bfb8dd9876b18919fefdf2dff7fd4d1612386860; expires=Fri, 05-Mar-21 21:14:20 GMT; path=/; domain=.npmjs.org; HttpOnly; SameSite=Lax' ],
442 verbose headers   'cf-ray': '61bf2933ad14371d-MIA',
442 verbose headers   age: '5750',
442 verbose headers   'cache-control': 'public, max-age=300',
442 verbose headers   etag: '"c5765b7e36f1b4f09b3e7e4af3064626"',
442 verbose headers   'last-modified': 'Mon, 25 Jan 2021 07:40:22 GMT',
442 verbose headers   vary: 'Accept-Encoding',
442 verbose headers   'cf-cache-status': 'HIT',
442 verbose headers   'cf-request-id': '080b58144b0000371de40a3000000001',
442 verbose headers   'expect-ct': 'max-age=604800, report-uri="https://report-uri.cloudflare.com/cdn-cgi/beacon/expect-ct"',
442 verbose headers   server: 'cloudflare' }
443 silly get cb [ 304,
443 silly get   { date: 'Wed, 03 Feb 2021 21:14:20 GMT',
443 silly get     connection: 'keep-alive',
443 silly get     'set-cookie':
443 silly get      [ '__cfduid=d73bfb8dd9876b18919fefdf2dff7fd4d1612386860; expires=Fri, 05-Mar-21 21:14:20 GMT; path=/; domain=.npmjs.org; HttpOnly; SameSite=Lax' ],
443 silly get     'cf-ray': '61bf2933ad14371d-MIA',
443 silly get     age: '5750',
443 silly get     'cache-control': 'public, max-age=300',
443 silly get     etag: '"c5765b7e36f1b4f09b3e7e4af3064626"',
443 silly get     'last-modified': 'Mon, 25 Jan 2021 07:40:22 GMT',
443 silly get     vary: 'Accept-Encoding',
443 silly get     'cf-cache-status': 'HIT',
443 silly get     'cf-request-id': '080b58144b0000371de40a3000000001',
443 silly get     'expect-ct': 'max-age=604800, report-uri="https://report-uri.cloudflare.com/cdn-cgi/beacon/expect-ct"',
443 silly get     server: 'cloudflare' } ]
444 verbose etag https://registry.npmjs.org/acorn from cache
445 verbose get saving acorn to /home/amiranda/.npm/registry.npmjs.org/acorn/.cache.json
446 http 304 https://registry.npmjs.org/eslint-scope
447 verbose headers { date: 'Wed, 03 Feb 2021 21:14:20 GMT',
447 verbose headers   connection: 'keep-alive',
447 verbose headers   'set-cookie':
447 verbose headers    [ '__cfduid=d7e20d7b047d9f14deb4b6d2bc39da69e1612386860; expires=Fri, 05-Mar-21 21:14:20 GMT; path=/; domain=.npmjs.org; HttpOnly; SameSite=Lax' ],
447 verbose headers   'cf-ray': '61bf2933af90371a-MIA',
447 verbose headers   age: '1133',
447 verbose headers   'cache-control': 'public, max-age=300',
447 verbose headers   etag: '"ffc8ee189cd5da1f62ebf032313c3f37"',
447 verbose headers   'last-modified': 'Sat, 12 Sep 2020 18:29:04 GMT',
447 verbose headers   vary: 'Accept-Encoding',
447 verbose headers   'cf-cache-status': 'HIT',
447 verbose headers   'cf-request-id': '080b5814470000371aa2271000000001',
447 verbose headers   'expect-ct': 'max-age=604800, report-uri="https://report-uri.cloudflare.com/cdn-cgi/beacon/expect-ct"',
447 verbose headers   server: 'cloudflare' }
448 silly get cb [ 304,
448 silly get   { date: 'Wed, 03 Feb 2021 21:14:20 GMT',
448 silly get     connection: 'keep-alive',
448 silly get     'set-cookie':
448 silly get      [ '__cfduid=d7e20d7b047d9f14deb4b6d2bc39da69e1612386860; expires=Fri, 05-Mar-21 21:14:20 GMT; path=/; domain=.npmjs.org; HttpOnly; SameSite=Lax' ],
448 silly get     'cf-ray': '61bf2933af90371a-MIA',
448 silly get     age: '1133',
448 silly get     'cache-control': 'public, max-age=300',
448 silly get     etag: '"ffc8ee189cd5da1f62ebf032313c3f37"',
448 silly get     'last-modified': 'Sat, 12 Sep 2020 18:29:04 GMT',
448 silly get     vary: 'Accept-Encoding',
448 silly get     'cf-cache-status': 'HIT',
448 silly get     'cf-request-id': '080b5814470000371aa2271000000001',
448 silly get     'expect-ct': 'max-age=604800, report-uri="https://report-uri.cloudflare.com/cdn-cgi/beacon/expect-ct"',
448 silly get     server: 'cloudflare' } ]
449 verbose etag https://registry.npmjs.org/eslint-scope from cache
450 verbose get saving eslint-scope to /home/amiranda/.npm/registry.npmjs.org/eslint-scope/.cache.json
451 http 304 https://registry.npmjs.org/chrome-trace-event
452 verbose headers { date: 'Wed, 03 Feb 2021 21:14:20 GMT',
452 verbose headers   connection: 'keep-alive',
452 verbose headers   'set-cookie':
452 verbose headers    [ '__cfduid=d348308e20c76169bc439be46bfdc17041612386860; expires=Fri, 05-Mar-21 21:14:20 GMT; path=/; domain=.npmjs.org; HttpOnly; SameSite=Lax' ],
452 verbose headers   'cf-ray': '61bf2933ce7dd50d-MIA',
452 verbose headers   age: '556',
452 verbose headers   'cache-control': 'public, max-age=300',
452 verbose headers   etag: '"957931c3cf7be351a3dcdfc0af854416"',
452 verbose headers   'last-modified': 'Mon, 27 May 2019 00:31:28 GMT',
452 verbose headers   vary: 'Accept-Encoding',
452 verbose headers   'cf-cache-status': 'HIT',
452 verbose headers   'cf-request-id': '080b5814590000d50d2a069000000001',
452 verbose headers   'expect-ct': 'max-age=604800, report-uri="https://report-uri.cloudflare.com/cdn-cgi/beacon/expect-ct"',
452 verbose headers   server: 'cloudflare' }
453 silly get cb [ 304,
453 silly get   { date: 'Wed, 03 Feb 2021 21:14:20 GMT',
453 silly get     connection: 'keep-alive',
453 silly get     'set-cookie':
453 silly get      [ '__cfduid=d348308e20c76169bc439be46bfdc17041612386860; expires=Fri, 05-Mar-21 21:14:20 GMT; path=/; domain=.npmjs.org; HttpOnly; SameSite=Lax' ],
453 silly get     'cf-ray': '61bf2933ce7dd50d-MIA',
453 silly get     age: '556',
453 silly get     'cache-control': 'public, max-age=300',
453 silly get     etag: '"957931c3cf7be351a3dcdfc0af854416"',
453 silly get     'last-modified': 'Mon, 27 May 2019 00:31:28 GMT',
453 silly get     vary: 'Accept-Encoding',
453 silly get     'cf-cache-status': 'HIT',
453 silly get     'cf-request-id': '080b5814590000d50d2a069000000001',
453 silly get     'expect-ct': 'max-age=604800, report-uri="https://report-uri.cloudflare.com/cdn-cgi/beacon/expect-ct"',
453 silly get     server: 'cloudflare' } ]
454 verbose etag https://registry.npmjs.org/chrome-trace-event from cache
455 verbose get saving chrome-trace-event to /home/amiranda/.npm/registry.npmjs.org/chrome-trace-event/.cache.json
456 http 304 https://registry.npmjs.org/json-parse-better-errors
457 verbose headers { date: 'Wed, 03 Feb 2021 21:14:20 GMT',
457 verbose headers   connection: 'keep-alive',
457 verbose headers   'set-cookie':
457 verbose headers    [ '__cfduid=d94b576877d1968d3118108a9aa79fdcf1612386860; expires=Fri, 05-Mar-21 21:14:20 GMT; path=/; domain=.npmjs.org; HttpOnly; SameSite=Lax' ],
457 verbose headers   'cf-ray': '61bf2933c9ce370a-MIA',
457 verbose headers   age: '1927',
457 verbose headers   'cache-control': 'public, max-age=300',
457 verbose headers   etag: '"641838e1e2ab981ec00b18cfdd176fbb"',
457 verbose headers   'last-modified': 'Sun, 27 May 2018 05:39:58 GMT',
457 verbose headers   vary: 'Accept-Encoding',
457 verbose headers   'cf-cache-status': 'HIT',
457 verbose headers   'cf-request-id': '080b58145f0000370aba218000000001',
457 verbose headers   'expect-ct': 'max-age=604800, report-uri="https://report-uri.cloudflare.com/cdn-cgi/beacon/expect-ct"',
457 verbose headers   server: 'cloudflare' }
458 silly get cb [ 304,
458 silly get   { date: 'Wed, 03 Feb 2021 21:14:20 GMT',
458 silly get     connection: 'keep-alive',
458 silly get     'set-cookie':
458 silly get      [ '__cfduid=d94b576877d1968d3118108a9aa79fdcf1612386860; expires=Fri, 05-Mar-21 21:14:20 GMT; path=/; domain=.npmjs.org; HttpOnly; SameSite=Lax' ],
458 silly get     'cf-ray': '61bf2933c9ce370a-MIA',
458 silly get     age: '1927',
458 silly get     'cache-control': 'public, max-age=300',
458 silly get     etag: '"641838e1e2ab981ec00b18cfdd176fbb"',
458 silly get     'last-modified': 'Sun, 27 May 2018 05:39:58 GMT',
458 silly get     vary: 'Accept-Encoding',
458 silly get     'cf-cache-status': 'HIT',
458 silly get     'cf-request-id': '080b58145f0000370aba218000000001',
458 silly get     'expect-ct': 'max-age=604800, report-uri="https://report-uri.cloudflare.com/cdn-cgi/beacon/expect-ct"',
458 silly get     server: 'cloudflare' } ]
459 verbose etag https://registry.npmjs.org/json-parse-better-errors from cache
460 verbose get saving json-parse-better-errors to /home/amiranda/.npm/registry.npmjs.org/json-parse-better-errors/.cache.json
461 http 304 https://registry.npmjs.org/@webassemblyjs%2fwasm-parser
462 verbose headers { date: 'Wed, 03 Feb 2021 21:14:20 GMT',
462 verbose headers   connection: 'keep-alive',
462 verbose headers   'set-cookie':
462 verbose headers    [ '__cfduid=d1737b6d6fddec0681f7b918d323999941612386860; expires=Fri, 05-Mar-21 21:14:20 GMT; path=/; domain=.npmjs.org; HttpOnly; SameSite=Lax' ],
462 verbose headers   'cf-ray': '61bf2933c866b93b-MIA',
462 verbose headers   age: '214',
462 verbose headers   'cache-control': 'public, max-age=300',
462 verbose headers   etag: '"7a187dec6fd84ab6540444f3a1468606"',
462 verbose headers   'last-modified': 'Thu, 07 Jan 2021 18:11:53 GMT',
462 verbose headers   vary: 'Accept-Encoding',
462 verbose headers   'cf-cache-status': 'HIT',
462 verbose headers   'cf-request-id': '080b58145d0000b93ba0a42000000001',
462 verbose headers   'expect-ct': 'max-age=604800, report-uri="https://report-uri.cloudflare.com/cdn-cgi/beacon/expect-ct"',
462 verbose headers   server: 'cloudflare' }
463 silly get cb [ 304,
463 silly get   { date: 'Wed, 03 Feb 2021 21:14:20 GMT',
463 silly get     connection: 'keep-alive',
463 silly get     'set-cookie':
463 silly get      [ '__cfduid=d1737b6d6fddec0681f7b918d323999941612386860; expires=Fri, 05-Mar-21 21:14:20 GMT; path=/; domain=.npmjs.org; HttpOnly; SameSite=Lax' ],
463 silly get     'cf-ray': '61bf2933c866b93b-MIA',
463 silly get     age: '214',
463 silly get     'cache-control': 'public, max-age=300',
463 silly get     etag: '"7a187dec6fd84ab6540444f3a1468606"',
463 silly get     'last-modified': 'Thu, 07 Jan 2021 18:11:53 GMT',
463 silly get     vary: 'Accept-Encoding',
463 silly get     'cf-cache-status': 'HIT',
463 silly get     'cf-request-id': '080b58145d0000b93ba0a42000000001',
463 silly get     'expect-ct': 'max-age=604800, report-uri="https://report-uri.cloudflare.com/cdn-cgi/beacon/expect-ct"',
463 silly get     server: 'cloudflare' } ]
464 verbose etag https://registry.npmjs.org/@webassemblyjs%2fwasm-parser from cache
465 verbose get saving @webassemblyjs/wasm-parser to /home/amiranda/.npm/registry.npmjs.org/_40webassemblyjs_252fwasm-parser/.cache.json
466 silly resolveWithNewModule browserslist@4.16.3 checking installable status
467 silly cache add args [ 'browserslist@^4.14.5', null ]
468 verbose cache add spec browserslist@^4.14.5
469 silly cache add parsed spec Result {
469 silly cache add   raw: 'browserslist@^4.14.5',
469 silly cache add   scope: null,
469 silly cache add   name: 'browserslist',
469 silly cache add   rawSpec: '^4.14.5',
469 silly cache add   spec: '>=4.14.5 <5.0.0',
469 silly cache add   type: 'range' }
470 silly addNamed browserslist@>=4.14.5 <5.0.0
471 verbose addNamed ">=4.14.5 <5.0.0" is a valid semver range for browserslist
472 silly addNameRange { name: 'browserslist',
472 silly addNameRange   range: '>=4.14.5 <5.0.0',
472 silly addNameRange   hasData: false }
473 silly mapToRegistry name browserslist
474 silly mapToRegistry using default registry
475 silly mapToRegistry registry https://registry.npmjs.org/
476 silly mapToRegistry uri https://registry.npmjs.org/browserslist
477 verbose addNameRange registry:https://registry.npmjs.org/browserslist not in flight; fetching
478 http 304 https://registry.npmjs.org/graceful-fs
479 verbose headers { date: 'Wed, 03 Feb 2021 21:14:20 GMT',
479 verbose headers   connection: 'keep-alive',
479 verbose headers   'set-cookie':
479 verbose headers    [ '__cfduid=d69204b090c3a19fe3c97e1a560407da81612386860; expires=Fri, 05-Mar-21 21:14:20 GMT; path=/; domain=.npmjs.org; HttpOnly; SameSite=Lax' ],
479 verbose headers   'cf-ray': '61bf2933dddfe96c-MIA',
479 verbose headers   age: '4066',
479 verbose headers   'cache-control': 'public, max-age=300',
479 verbose headers   etag: '"84e1c483529d18a582ac0265096141af"',
479 verbose headers   'last-modified': 'Tue, 28 Apr 2020 15:14:15 GMT',
479 verbose headers   vary: 'Accept-Encoding',
479 verbose headers   'cf-cache-status': 'HIT',
479 verbose headers   'cf-request-id': '080b58146a0000e96c6c293000000001',
479 verbose headers   'expect-ct': 'max-age=604800, report-uri="https://report-uri.cloudflare.com/cdn-cgi/beacon/expect-ct"',
479 verbose headers   server: 'cloudflare' }
480 silly get cb [ 304,
480 silly get   { date: 'Wed, 03 Feb 2021 21:14:20 GMT',
480 silly get     connection: 'keep-alive',
480 silly get     'set-cookie':
480 silly get      [ '__cfduid=d69204b090c3a19fe3c97e1a560407da81612386860; expires=Fri, 05-Mar-21 21:14:20 GMT; path=/; domain=.npmjs.org; HttpOnly; SameSite=Lax' ],
480 silly get     'cf-ray': '61bf2933dddfe96c-MIA',
480 silly get     age: '4066',
480 silly get     'cache-control': 'public, max-age=300',
480 silly get     etag: '"84e1c483529d18a582ac0265096141af"',
480 silly get     'last-modified': 'Tue, 28 Apr 2020 15:14:15 GMT',
480 silly get     vary: 'Accept-Encoding',
480 silly get     'cf-cache-status': 'HIT',
480 silly get     'cf-request-id': '080b58146a0000e96c6c293000000001',
480 silly get     'expect-ct': 'max-age=604800, report-uri="https://report-uri.cloudflare.com/cdn-cgi/beacon/expect-ct"',
480 silly get     server: 'cloudflare' } ]
481 verbose etag https://registry.npmjs.org/graceful-fs from cache
482 verbose get saving graceful-fs to /home/amiranda/.npm/registry.npmjs.org/graceful-fs/.cache.json
483 http 304 https://registry.npmjs.org/@webassemblyjs%2fast
484 verbose headers { date: 'Wed, 03 Feb 2021 21:14:20 GMT',
484 verbose headers   connection: 'keep-alive',
484 verbose headers   'set-cookie':
484 verbose headers    [ '__cfduid=d8a3f4ea9e4a31ba5c25e39365525f17e1612386860; expires=Fri, 05-Mar-21 21:14:20 GMT; path=/; domain=.npmjs.org; HttpOnly; SameSite=Lax' ],
484 verbose headers   'cf-ray': '61bf29339e53e968-MIA',
484 verbose headers   age: '214',
484 verbose headers   'cache-control': 'public, max-age=300',
484 verbose headers   etag: '"98377fc4541f55b48db7c850626e4977"',
484 verbose headers   'last-modified': 'Thu, 07 Jan 2021 18:11:45 GMT',
484 verbose headers   vary: 'Accept-Encoding',
484 verbose headers   'cf-cache-status': 'HIT',
484 verbose headers   'cf-request-id': '080b5814480000e968040ae000000001',
484 verbose headers   'expect-ct': 'max-age=604800, report-uri="https://report-uri.cloudflare.com/cdn-cgi/beacon/expect-ct"',
484 verbose headers   server: 'cloudflare' }
485 silly get cb [ 304,
485 silly get   { date: 'Wed, 03 Feb 2021 21:14:20 GMT',
485 silly get     connection: 'keep-alive',
485 silly get     'set-cookie':
485 silly get      [ '__cfduid=d8a3f4ea9e4a31ba5c25e39365525f17e1612386860; expires=Fri, 05-Mar-21 21:14:20 GMT; path=/; domain=.npmjs.org; HttpOnly; SameSite=Lax' ],
485 silly get     'cf-ray': '61bf29339e53e968-MIA',
485 silly get     age: '214',
485 silly get     'cache-control': 'public, max-age=300',
485 silly get     etag: '"98377fc4541f55b48db7c850626e4977"',
485 silly get     'last-modified': 'Thu, 07 Jan 2021 18:11:45 GMT',
485 silly get     vary: 'Accept-Encoding',
485 silly get     'cf-cache-status': 'HIT',
485 silly get     'cf-request-id': '080b5814480000e968040ae000000001',
485 silly get     'expect-ct': 'max-age=604800, report-uri="https://report-uri.cloudflare.com/cdn-cgi/beacon/expect-ct"',
485 silly get     server: 'cloudflare' } ]
486 verbose etag https://registry.npmjs.org/@webassemblyjs%2fast from cache
487 verbose get saving @webassemblyjs/ast to /home/amiranda/.npm/registry.npmjs.org/_40webassemblyjs_252fast/.cache.json
488 http 304 https://registry.npmjs.org/terser-webpack-plugin
489 verbose headers { date: 'Wed, 03 Feb 2021 21:14:20 GMT',
489 verbose headers   connection: 'keep-alive',
489 verbose headers   'set-cookie':
489 verbose headers    [ '__cfduid=d082d1c7c7fbf434430497766f45ae2061612386860; expires=Fri, 05-Mar-21 21:14:20 GMT; path=/; domain=.npmjs.org; HttpOnly; SameSite=Lax' ],
489 verbose headers   'cf-ray': '61bf2933eacf0441-MIA',
489 verbose headers   age: '2195',
489 verbose headers   'cache-control': 'public, max-age=300',
489 verbose headers   etag: '"bd76a541325fe5b931fc4836dd63085d"',
489 verbose headers   'last-modified': 'Sat, 09 Jan 2021 12:40:08 GMT',
489 verbose headers   vary: 'Accept-Encoding',
489 verbose headers   'cf-cache-status': 'HIT',
489 verbose headers   'cf-request-id': '080b58146e000004410d807000000001',
489 verbose headers   'expect-ct': 'max-age=604800, report-uri="https://report-uri.cloudflare.com/cdn-cgi/beacon/expect-ct"',
489 verbose headers   server: 'cloudflare' }
490 silly get cb [ 304,
490 silly get   { date: 'Wed, 03 Feb 2021 21:14:20 GMT',
490 silly get     connection: 'keep-alive',
490 silly get     'set-cookie':
490 silly get      [ '__cfduid=d082d1c7c7fbf434430497766f45ae2061612386860; expires=Fri, 05-Mar-21 21:14:20 GMT; path=/; domain=.npmjs.org; HttpOnly; SameSite=Lax' ],
490 silly get     'cf-ray': '61bf2933eacf0441-MIA',
490 silly get     age: '2195',
490 silly get     'cache-control': 'public, max-age=300',
490 silly get     etag: '"bd76a541325fe5b931fc4836dd63085d"',
490 silly get     'last-modified': 'Sat, 09 Jan 2021 12:40:08 GMT',
490 silly get     vary: 'Accept-Encoding',
490 silly get     'cf-cache-status': 'HIT',
490 silly get     'cf-request-id': '080b58146e000004410d807000000001',
490 silly get     'expect-ct': 'max-age=604800, report-uri="https://report-uri.cloudflare.com/cdn-cgi/beacon/expect-ct"',
490 silly get     server: 'cloudflare' } ]
491 verbose etag https://registry.npmjs.org/terser-webpack-plugin from cache
492 verbose get saving terser-webpack-plugin to /home/amiranda/.npm/registry.npmjs.org/terser-webpack-plugin/.cache.json
493 http 304 https://registry.npmjs.org/schema-utils
494 verbose headers { date: 'Wed, 03 Feb 2021 21:14:20 GMT',
494 verbose headers   connection: 'keep-alive',
494 verbose headers   'set-cookie':
494 verbose headers    [ '__cfduid=df98b4a0d4da8da074ff1cda544df8d4a1612386860; expires=Fri, 05-Mar-21 21:14:20 GMT; path=/; domain=.npmjs.org; HttpOnly; SameSite=Lax' ],
494 verbose headers   'cf-ray': '61bf2933e8271171-MIA',
494 verbose headers   age: '6336',
494 verbose headers   'cache-control': 'public, max-age=300',
494 verbose headers   etag: '"e59ba44fdfdbf3de72b663165511e336"',
494 verbose headers   'last-modified': 'Mon, 05 Oct 2020 18:21:41 GMT',
494 verbose headers   vary: 'Accept-Encoding',
494 verbose headers   'cf-cache-status': 'HIT',
494 verbose headers   'cf-request-id': '080b58147500001171091f2000000001',
494 verbose headers   'expect-ct': 'max-age=604800, report-uri="https://report-uri.cloudflare.com/cdn-cgi/beacon/expect-ct"',
494 verbose headers   server: 'cloudflare' }
495 silly get cb [ 304,
495 silly get   { date: 'Wed, 03 Feb 2021 21:14:20 GMT',
495 silly get     connection: 'keep-alive',
495 silly get     'set-cookie':
495 silly get      [ '__cfduid=df98b4a0d4da8da074ff1cda544df8d4a1612386860; expires=Fri, 05-Mar-21 21:14:20 GMT; path=/; domain=.npmjs.org; HttpOnly; SameSite=Lax' ],
495 silly get     'cf-ray': '61bf2933e8271171-MIA',
495 silly get     age: '6336',
495 silly get     'cache-control': 'public, max-age=300',
495 silly get     etag: '"e59ba44fdfdbf3de72b663165511e336"',
495 silly get     'last-modified': 'Mon, 05 Oct 2020 18:21:41 GMT',
495 silly get     vary: 'Accept-Encoding',
495 silly get     'cf-cache-status': 'HIT',
495 silly get     'cf-request-id': '080b58147500001171091f2000000001',
495 silly get     'expect-ct': 'max-age=604800, report-uri="https://report-uri.cloudflare.com/cdn-cgi/beacon/expect-ct"',
495 silly get     server: 'cloudflare' } ]
496 verbose etag https://registry.npmjs.org/schema-utils from cache
497 verbose get saving schema-utils to /home/amiranda/.npm/registry.npmjs.org/schema-utils/.cache.json
498 http 304 https://registry.npmjs.org/loader-runner
499 verbose headers { date: 'Wed, 03 Feb 2021 21:14:20 GMT',
499 verbose headers   connection: 'keep-alive',
499 verbose headers   'set-cookie':
499 verbose headers    [ '__cfduid=dfb83e5c2c742c68fdd288dbd8ff2517f1612386860; expires=Fri, 05-Mar-21 21:14:20 GMT; path=/; domain=.npmjs.org; HttpOnly; SameSite=Lax' ],
499 verbose headers   'cf-ray': '61bf2933db653720-MIA',
499 verbose headers   age: '4723',
499 verbose headers   'cache-control': 'public, max-age=300',
499 verbose headers   etag: '"2d2fbc1989c21656e1f74c0664d8c610"',
499 verbose headers   'last-modified': 'Thu, 07 Jan 2021 14:29:23 GMT',
499 verbose headers   vary: 'Accept-Encoding',
499 verbose headers   'cf-cache-status': 'HIT',
499 verbose headers   'cf-request-id': '080b58146d000037209f983000000001',
499 verbose headers   'expect-ct': 'max-age=604800, report-uri="https://report-uri.cloudflare.com/cdn-cgi/beacon/expect-ct"',
499 verbose headers   server: 'cloudflare' }
500 silly get cb [ 304,
500 silly get   { date: 'Wed, 03 Feb 2021 21:14:20 GMT',
500 silly get     connection: 'keep-alive',
500 silly get     'set-cookie':
500 silly get      [ '__cfduid=dfb83e5c2c742c68fdd288dbd8ff2517f1612386860; expires=Fri, 05-Mar-21 21:14:20 GMT; path=/; domain=.npmjs.org; HttpOnly; SameSite=Lax' ],
500 silly get     'cf-ray': '61bf2933db653720-MIA',
500 silly get     age: '4723',
500 silly get     'cache-control': 'public, max-age=300',
500 silly get     etag: '"2d2fbc1989c21656e1f74c0664d8c610"',
500 silly get     'last-modified': 'Thu, 07 Jan 2021 14:29:23 GMT',
500 silly get     vary: 'Accept-Encoding',
500 silly get     'cf-cache-status': 'HIT',
500 silly get     'cf-request-id': '080b58146d000037209f983000000001',
500 silly get     'expect-ct': 'max-age=604800, report-uri="https://report-uri.cloudflare.com/cdn-cgi/beacon/expect-ct"',
500 silly get     server: 'cloudflare' } ]
501 verbose etag https://registry.npmjs.org/loader-runner from cache
502 verbose get saving loader-runner to /home/amiranda/.npm/registry.npmjs.org/loader-runner/.cache.json
503 http 304 https://registry.npmjs.org/neo-async
504 verbose headers { date: 'Wed, 03 Feb 2021 21:14:20 GMT',
504 verbose headers   connection: 'keep-alive',
504 verbose headers   'set-cookie':
504 verbose headers    [ '__cfduid=dabfd9e366c0b544a70bcf75881db32c51612386860; expires=Fri, 05-Mar-21 21:14:20 GMT; path=/; domain=.npmjs.org; HttpOnly; SameSite=Lax' ],
504 verbose headers   'cf-ray': '61bf2933f90012a7-MIA',
504 verbose headers   age: '1768',
504 verbose headers   'cache-control': 'public, max-age=300',
504 verbose headers   etag: '"be27baa40112dc09270ed6f74bd42253"',
504 verbose headers   'last-modified': 'Thu, 09 Jul 2020 18:23:56 GMT',
504 verbose headers   vary: 'Accept-Encoding',
504 verbose headers   'cf-cache-status': 'HIT',
504 verbose headers   'cf-request-id': '080b58147b000012a7de3f0000000001',
504 verbose headers   'expect-ct': 'max-age=604800, report-uri="https://report-uri.cloudflare.com/cdn-cgi/beacon/expect-ct"',
504 verbose headers   server: 'cloudflare' }
505 silly get cb [ 304,
505 silly get   { date: 'Wed, 03 Feb 2021 21:14:20 GMT',
505 silly get     connection: 'keep-alive',
505 silly get     'set-cookie':
505 silly get      [ '__cfduid=dabfd9e366c0b544a70bcf75881db32c51612386860; expires=Fri, 05-Mar-21 21:14:20 GMT; path=/; domain=.npmjs.org; HttpOnly; SameSite=Lax' ],
505 silly get     'cf-ray': '61bf2933f90012a7-MIA',
505 silly get     age: '1768',
505 silly get     'cache-control': 'public, max-age=300',
505 silly get     etag: '"be27baa40112dc09270ed6f74bd42253"',
505 silly get     'last-modified': 'Thu, 09 Jul 2020 18:23:56 GMT',
505 silly get     vary: 'Accept-Encoding',
505 silly get     'cf-cache-status': 'HIT',
505 silly get     'cf-request-id': '080b58147b000012a7de3f0000000001',
505 silly get     'expect-ct': 'max-age=604800, report-uri="https://report-uri.cloudflare.com/cdn-cgi/beacon/expect-ct"',
505 silly get     server: 'cloudflare' } ]
506 verbose etag https://registry.npmjs.org/neo-async from cache
507 verbose get saving neo-async to /home/amiranda/.npm/registry.npmjs.org/neo-async/.cache.json
508 http 304 https://registry.npmjs.org/watchpack
509 verbose headers { date: 'Wed, 03 Feb 2021 21:14:20 GMT',
509 verbose headers   connection: 'keep-alive',
509 verbose headers   'set-cookie':
509 verbose headers    [ '__cfduid=d07a39ea4478a9c011af092b3bb1bf0011612386860; expires=Fri, 05-Mar-21 21:14:20 GMT; path=/; domain=.npmjs.org; HttpOnly; SameSite=Lax' ],
509 verbose headers   'cf-ray': '61bf2933fd293711-MIA',
509 verbose headers   age: '2521',
509 verbose headers   'cache-control': 'public, max-age=300',
509 verbose headers   etag: '"48f6dbc5460d26edcd632751ebdcbdaf"',
509 verbose headers   'last-modified': 'Tue, 08 Dec 2020 10:52:45 GMT',
509 verbose headers   vary: 'Accept-Encoding',
509 verbose headers   'cf-cache-status': 'HIT',
509 verbose headers   'cf-request-id': '080b58147800003711cf2a3000000001',
509 verbose headers   'expect-ct': 'max-age=604800, report-uri="https://report-uri.cloudflare.com/cdn-cgi/beacon/expect-ct"',
509 verbose headers   server: 'cloudflare' }
510 silly get cb [ 304,
510 silly get   { date: 'Wed, 03 Feb 2021 21:14:20 GMT',
510 silly get     connection: 'keep-alive',
510 silly get     'set-cookie':
510 silly get      [ '__cfduid=d07a39ea4478a9c011af092b3bb1bf0011612386860; expires=Fri, 05-Mar-21 21:14:20 GMT; path=/; domain=.npmjs.org; HttpOnly; SameSite=Lax' ],
510 silly get     'cf-ray': '61bf2933fd293711-MIA',
510 silly get     age: '2521',
510 silly get     'cache-control': 'public, max-age=300',
510 silly get     etag: '"48f6dbc5460d26edcd632751ebdcbdaf"',
510 silly get     'last-modified': 'Tue, 08 Dec 2020 10:52:45 GMT',
510 silly get     vary: 'Accept-Encoding',
510 silly get     'cf-cache-status': 'HIT',
510 silly get     'cf-request-id': '080b58147800003711cf2a3000000001',
510 silly get     'expect-ct': 'max-age=604800, report-uri="https://report-uri.cloudflare.com/cdn-cgi/beacon/expect-ct"',
510 silly get     server: 'cloudflare' } ]
511 verbose etag https://registry.npmjs.org/watchpack from cache
512 verbose get saving watchpack to /home/amiranda/.npm/registry.npmjs.org/watchpack/.cache.json
513 http 304 https://registry.npmjs.org/mime-types
514 verbose headers { date: 'Wed, 03 Feb 2021 21:14:20 GMT',
514 verbose headers   connection: 'keep-alive',
514 verbose headers   'set-cookie':
514 verbose headers    [ '__cfduid=d25d4c2223368de1d03bfca4bfcf5f4301612386860; expires=Fri, 05-Mar-21 21:14:20 GMT; path=/; domain=.npmjs.org; HttpOnly; SameSite=Lax' ],
514 verbose headers   'cf-ray': '61bf2933de763718-MIA',
514 verbose headers   age: '6782',
514 verbose headers   'cache-control': 'public, max-age=300',
514 verbose headers   etag: '"3a4d78d612b63e24a0ea73d1875bf629"',
514 verbose headers   'last-modified': 'Sat, 02 Jan 2021 04:29:02 GMT',
514 verbose headers   vary: 'Accept-Encoding',
514 verbose headers   'cf-cache-status': 'HIT',
514 verbose headers   'cf-request-id': '080b58146900003718e104c000000001',
514 verbose headers   'expect-ct': 'max-age=604800, report-uri="https://report-uri.cloudflare.com/cdn-cgi/beacon/expect-ct"',
514 verbose headers   server: 'cloudflare' }
515 silly get cb [ 304,
515 silly get   { date: 'Wed, 03 Feb 2021 21:14:20 GMT',
515 silly get     connection: 'keep-alive',
515 silly get     'set-cookie':
515 silly get      [ '__cfduid=d25d4c2223368de1d03bfca4bfcf5f4301612386860; expires=Fri, 05-Mar-21 21:14:20 GMT; path=/; domain=.npmjs.org; HttpOnly; SameSite=Lax' ],
515 silly get     'cf-ray': '61bf2933de763718-MIA',
515 silly get     age: '6782',
515 silly get     'cache-control': 'public, max-age=300',
515 silly get     etag: '"3a4d78d612b63e24a0ea73d1875bf629"',
515 silly get     'last-modified': 'Sat, 02 Jan 2021 04:29:02 GMT',
515 silly get     vary: 'Accept-Encoding',
515 silly get     'cf-cache-status': 'HIT',
515 silly get     'cf-request-id': '080b58146900003718e104c000000001',
515 silly get     'expect-ct': 'max-age=604800, report-uri="https://report-uri.cloudflare.com/cdn-cgi/beacon/expect-ct"',
515 silly get     server: 'cloudflare' } ]
516 verbose etag https://registry.npmjs.org/mime-types from cache
517 verbose get saving mime-types to /home/amiranda/.npm/registry.npmjs.org/mime-types/.cache.json
518 http 304 https://registry.npmjs.org/glob-to-regexp
519 verbose headers { date: 'Wed, 03 Feb 2021 21:14:20 GMT',
519 verbose headers   connection: 'keep-alive',
519 verbose headers   'set-cookie':
519 verbose headers    [ '__cfduid=d5fc9f892578e40005aabc62dd580099d1612386860; expires=Fri, 05-Mar-21 21:14:20 GMT; path=/; domain=.npmjs.org; HttpOnly; SameSite=Lax' ],
519 verbose headers   'cf-ray': '61bf2933d898c877-MIA',
519 verbose headers   age: '6557',
519 verbose headers   'cache-control': 'public, max-age=300',
519 verbose headers   etag: '"e7bc679e44f6d9967a5891895be3d7a3"',
519 verbose headers   'last-modified': 'Mon, 01 Apr 2019 16:19:57 GMT',
519 verbose headers   vary: 'Accept-Encoding',
519 verbose headers   'cf-cache-status': 'HIT',
519 verbose headers   'cf-request-id': '080b58146a0000c877f9871000000001',
519 verbose headers   'expect-ct': 'max-age=604800, report-uri="https://report-uri.cloudflare.com/cdn-cgi/beacon/expect-ct"',
519 verbose headers   server: 'cloudflare' }
520 silly get cb [ 304,
520 silly get   { date: 'Wed, 03 Feb 2021 21:14:20 GMT',
520 silly get     connection: 'keep-alive',
520 silly get     'set-cookie':
520 silly get      [ '__cfduid=d5fc9f892578e40005aabc62dd580099d1612386860; expires=Fri, 05-Mar-21 21:14:20 GMT; path=/; domain=.npmjs.org; HttpOnly; SameSite=Lax' ],
520 silly get     'cf-ray': '61bf2933d898c877-MIA',
520 silly get     age: '6557',
520 silly get     'cache-control': 'public, max-age=300',
520 silly get     etag: '"e7bc679e44f6d9967a5891895be3d7a3"',
520 silly get     'last-modified': 'Mon, 01 Apr 2019 16:19:57 GMT',
520 silly get     vary: 'Accept-Encoding',
520 silly get     'cf-cache-status': 'HIT',
520 silly get     'cf-request-id': '080b58146a0000c877f9871000000001',
520 silly get     'expect-ct': 'max-age=604800, report-uri="https://report-uri.cloudflare.com/cdn-cgi/beacon/expect-ct"',
520 silly get     server: 'cloudflare' } ]
521 verbose etag https://registry.npmjs.org/glob-to-regexp from cache
522 verbose get saving glob-to-regexp to /home/amiranda/.npm/registry.npmjs.org/glob-to-regexp/.cache.json
523 http 304 https://registry.npmjs.org/tapable
524 verbose headers { date: 'Wed, 03 Feb 2021 21:14:20 GMT',
524 verbose headers   connection: 'keep-alive',
524 verbose headers   'set-cookie':
524 verbose headers    [ '__cfduid=d07a39ea4478a9c011af092b3bb1bf0011612386860; expires=Fri, 05-Mar-21 21:14:20 GMT; path=/; domain=.npmjs.org; HttpOnly; SameSite=Lax' ],
524 verbose headers   'cf-ray': '61bf2933ece23711-MIA',
524 verbose headers   age: '894',
524 verbose headers   'cache-control': 'public, max-age=300',
524 verbose headers   etag: '"383741370ff2f90124c720867b893e86"',
524 verbose headers   'last-modified': 'Fri, 04 Dec 2020 13:57:04 GMT',
524 verbose headers   vary: 'Accept-Encoding',
524 verbose headers   'cf-cache-status': 'HIT',
524 verbose headers   'cf-request-id': '080b58146d000037110b16c000000001',
524 verbose headers   'expect-ct': 'max-age=604800, report-uri="https://report-uri.cloudflare.com/cdn-cgi/beacon/expect-ct"',
524 verbose headers   server: 'cloudflare' }
525 silly get cb [ 304,
525 silly get   { date: 'Wed, 03 Feb 2021 21:14:20 GMT',
525 silly get     connection: 'keep-alive',
525 silly get     'set-cookie':
525 silly get      [ '__cfduid=d07a39ea4478a9c011af092b3bb1bf0011612386860; expires=Fri, 05-Mar-21 21:14:20 GMT; path=/; domain=.npmjs.org; HttpOnly; SameSite=Lax' ],
525 silly get     'cf-ray': '61bf2933ece23711-MIA',
525 silly get     age: '894',
525 silly get     'cache-control': 'public, max-age=300',
525 silly get     etag: '"383741370ff2f90124c720867b893e86"',
525 silly get     'last-modified': 'Fri, 04 Dec 2020 13:57:04 GMT',
525 silly get     vary: 'Accept-Encoding',
525 silly get     'cf-cache-status': 'HIT',
525 silly get     'cf-request-id': '080b58146d000037110b16c000000001',
525 silly get     'expect-ct': 'max-age=604800, report-uri="https://report-uri.cloudflare.com/cdn-cgi/beacon/expect-ct"',
525 silly get     server: 'cloudflare' } ]
526 verbose etag https://registry.npmjs.org/tapable from cache
527 verbose get saving tapable to /home/amiranda/.npm/registry.npmjs.org/tapable/.cache.json
528 http 304 https://registry.npmjs.org/enhanced-resolve
529 verbose headers { date: 'Wed, 03 Feb 2021 21:14:20 GMT',
529 verbose headers   connection: 'keep-alive',
529 verbose headers   'set-cookie':
529 verbose headers    [ '__cfduid=d873dffed8c64fe91d3f5439c6b47fa7b1612386860; expires=Fri, 05-Mar-21 21:14:20 GMT; path=/; domain=.npmjs.org; HttpOnly; SameSite=Lax' ],
529 verbose headers   'cf-ray': '61bf2933fff90465-MIA',
529 verbose headers   age: '1060',
529 verbose headers   'cache-control': 'public, max-age=300',
529 verbose headers   etag: '"90bac3a16a99e3643d545b4cbbb99505"',
529 verbose headers   'last-modified': 'Wed, 13 Jan 2021 20:38:34 GMT',
529 verbose headers   vary: 'Accept-Encoding',
529 verbose headers   'cf-cache-status': 'HIT',
529 verbose headers   'cf-request-id': '080b58147d000004654faa5000000001',
529 verbose headers   'expect-ct': 'max-age=604800, report-uri="https://report-uri.cloudflare.com/cdn-cgi/beacon/expect-ct"',
529 verbose headers   server: 'cloudflare' }
530 silly get cb [ 304,
530 silly get   { date: 'Wed, 03 Feb 2021 21:14:20 GMT',
530 silly get     connection: 'keep-alive',
530 silly get     'set-cookie':
530 silly get      [ '__cfduid=d873dffed8c64fe91d3f5439c6b47fa7b1612386860; expires=Fri, 05-Mar-21 21:14:20 GMT; path=/; domain=.npmjs.org; HttpOnly; SameSite=Lax' ],
530 silly get     'cf-ray': '61bf2933fff90465-MIA',
530 silly get     age: '1060',
530 silly get     'cache-control': 'public, max-age=300',
530 silly get     etag: '"90bac3a16a99e3643d545b4cbbb99505"',
530 silly get     'last-modified': 'Wed, 13 Jan 2021 20:38:34 GMT',
530 silly get     vary: 'Accept-Encoding',
530 silly get     'cf-cache-status': 'HIT',
530 silly get     'cf-request-id': '080b58147d000004654faa5000000001',
530 silly get     'expect-ct': 'max-age=604800, report-uri="https://report-uri.cloudflare.com/cdn-cgi/beacon/expect-ct"',
530 silly get     server: 'cloudflare' } ]
531 verbose etag https://registry.npmjs.org/enhanced-resolve from cache
532 verbose get saving enhanced-resolve to /home/amiranda/.npm/registry.npmjs.org/enhanced-resolve/.cache.json
533 verbose get https://registry.npmjs.org/events not expired, no request
534 silly addNameRange number 2 { name: 'events', range: '>=3.2.0 <4.0.0', hasData: true }
535 silly addNameRange versions [ 'events',
535 silly addNameRange   [ '0.1.0',
535 silly addNameRange     '0.1.1',
535 silly addNameRange     '0.2.0',
535 silly addNameRange     '0.3.0',
535 silly addNameRange     '0.4.0',
535 silly addNameRange     '0.5.0',
535 silly addNameRange     '1.0.0',
535 silly addNameRange     '1.0.1',
535 silly addNameRange     '1.0.2',
535 silly addNameRange     '1.1.0',
535 silly addNameRange     '1.1.1',
535 silly addNameRange     '2.0.0',
535 silly addNameRange     '2.1.0',
535 silly addNameRange     '3.0.0',
535 silly addNameRange     '3.1.0',
535 silly addNameRange     '3.2.0' ] ]
536 silly addNamed events@3.2.0
537 verbose addNamed "3.2.0" is a plain semver version for events
538 http 304 https://registry.npmjs.org/webpack-sources
539 verbose headers { date: 'Wed, 03 Feb 2021 21:14:20 GMT',
539 verbose headers   connection: 'keep-alive',
539 verbose headers   'set-cookie':
539 verbose headers    [ '__cfduid=d198e2e984e3efa6438e7a1c6c0d474201612386860; expires=Fri, 05-Mar-21 21:14:20 GMT; path=/; domain=.npmjs.org; HttpOnly; SameSite=Lax' ],
539 verbose headers   'cf-ray': '61bf2934192d045d-MIA',
539 verbose headers   age: '503',
539 verbose headers   'cache-control': 'public, max-age=300',
539 verbose headers   etag: '"ed19f21160d8d2aa7730d2c4960f77c4"',
539 verbose headers   'last-modified': 'Thu, 29 Oct 2020 10:21:44 GMT',
539 verbose headers   vary: 'Accept-Encoding',
539 verbose headers   'cf-cache-status': 'HIT',
539 verbose headers   'cf-request-id': '080b5814930000045d70397000000001',
539 verbose headers   'expect-ct': 'max-age=604800, report-uri="https://report-uri.cloudflare.com/cdn-cgi/beacon/expect-ct"',
539 verbose headers   server: 'cloudflare' }
540 silly get cb [ 304,
540 silly get   { date: 'Wed, 03 Feb 2021 21:14:20 GMT',
540 silly get     connection: 'keep-alive',
540 silly get     'set-cookie':
540 silly get      [ '__cfduid=d198e2e984e3efa6438e7a1c6c0d474201612386860; expires=Fri, 05-Mar-21 21:14:20 GMT; path=/; domain=.npmjs.org; HttpOnly; SameSite=Lax' ],
540 silly get     'cf-ray': '61bf2934192d045d-MIA',
540 silly get     age: '503',
540 silly get     'cache-control': 'public, max-age=300',
540 silly get     etag: '"ed19f21160d8d2aa7730d2c4960f77c4"',
540 silly get     'last-modified': 'Thu, 29 Oct 2020 10:21:44 GMT',
540 silly get     vary: 'Accept-Encoding',
540 silly get     'cf-cache-status': 'HIT',
540 silly get     'cf-request-id': '080b5814930000045d70397000000001',
540 silly get     'expect-ct': 'max-age=604800, report-uri="https://report-uri.cloudflare.com/cdn-cgi/beacon/expect-ct"',
540 silly get     server: 'cloudflare' } ]
541 verbose etag https://registry.npmjs.org/webpack-sources from cache
542 verbose get saving webpack-sources to /home/amiranda/.npm/registry.npmjs.org/webpack-sources/.cache.json
543 silly resolveWithNewModule @webassemblyjs/wasm-edit@1.11.0 checking installable status
544 silly cache add args [ '@webassemblyjs/wasm-edit@1.11.0', null ]
545 verbose cache add spec @webassemblyjs/wasm-edit@1.11.0
546 silly cache add parsed spec Result {
546 silly cache add   raw: '@webassemblyjs/wasm-edit@1.11.0',
546 silly cache add   scope: '@webassemblyjs',
546 silly cache add   name: '@webassemblyjs/wasm-edit',
546 silly cache add   rawSpec: '1.11.0',
546 silly cache add   spec: '1.11.0',
546 silly cache add   type: 'version' }
547 silly addNamed @webassemblyjs/wasm-edit@1.11.0
548 verbose addNamed "1.11.0" is a plain semver version for @webassemblyjs/wasm-edit
549 silly mapToRegistry name @webassemblyjs/wasm-edit
550 silly mapToRegistry scope (from package name) @webassemblyjs
551 verbose mapToRegistry no registry URL found in name for scope @webassemblyjs
552 silly mapToRegistry using default registry
553 silly mapToRegistry registry https://registry.npmjs.org/
554 silly mapToRegistry uri https://registry.npmjs.org/@webassemblyjs%2fwasm-edit
555 verbose addNameVersion registry:https://registry.npmjs.org/@webassemblyjs%2fwasm-edit not in flight; fetching
556 verbose stack Error: Missing required argument #1
556 verbose stack     at andLogAndFinish (/usr/share/npm/lib/fetch-package-metadata.js:31:3)
556 verbose stack     at fetchPackageMetadata (/usr/share/npm/lib/fetch-package-metadata.js:51:22)
556 verbose stack     at resolveWithNewModule (/usr/share/npm/lib/install/deps.js:456:12)
556 verbose stack     at /usr/share/npm/lib/install/deps.js:457:7
556 verbose stack     at /usr/share/npm/node_modules/iferr/index.js:13:50
556 verbose stack     at /usr/share/npm/lib/fetch-package-metadata.js:37:12
556 verbose stack     at addRequestedAndFinish (/usr/share/npm/lib/fetch-package-metadata.js:82:5)
556 verbose stack     at returnAndAddMetadata (/usr/share/npm/lib/fetch-package-metadata.js:117:7)
556 verbose stack     at pickVersionFromRegistryDocument (/usr/share/npm/lib/fetch-package-metadata.js:134:20)
556 verbose stack     at /usr/share/npm/node_modules/iferr/index.js:13:50
557 verbose cwd /home/amiranda/PycharmProjects/Urano/Urano/frontend
558 error Linux 5.4.0-62-generic
559 error argv "/usr/bin/node" "/usr/bin/npm" "i" "webpack" "webpack-cli" "--save-dev"
560 error node v8.10.0
561 error npm  v3.5.2
562 error code EMISSINGARG
563 error typeerror Error: Missing required argument #1
563 error typeerror     at andLogAndFinish (/usr/share/npm/lib/fetch-package-metadata.js:31:3)
563 error typeerror     at fetchPackageMetadata (/usr/share/npm/lib/fetch-package-metadata.js:51:22)
563 error typeerror     at resolveWithNewModule (/usr/share/npm/lib/install/deps.js:456:12)
563 error typeerror     at /usr/share/npm/lib/install/deps.js:457:7
563 error typeerror     at /usr/share/npm/node_modules/iferr/index.js:13:50
563 error typeerror     at /usr/share/npm/lib/fetch-package-metadata.js:37:12
563 error typeerror     at addRequestedAndFinish (/usr/share/npm/lib/fetch-package-metadata.js:82:5)
563 error typeerror     at returnAndAddMetadata (/usr/share/npm/lib/fetch-package-metadata.js:117:7)
563 error typeerror     at pickVersionFromRegistryDocument (/usr/share/npm/lib/fetch-package-metadata.js:134:20)
563 error typeerror     at /usr/share/npm/node_modules/iferr/index.js:13:50
564 error typeerror This is an error with npm itself. Please report this error at:
564 error typeerror     <http://github.com/npm/npm/issues>
565 verbose exit [ 1, true ]
